<?xml version="1.0" encoding="UTF-8"?>
<!-- Generated by org.testng.reporters.JUnitReportReporter -->
<testsuite hostname="DESKTOP-O8O13HO" failures="0" tests="2" name="Academy.Basic" time="0.027" errors="0" timestamp="2022-02-20T19:29:15 IST" skipped="0">
  <testcase classname="Academy.Basic" name="WiperTest" time="0.004"/>
  <system-out/>
  <testcase classname="Academy.Basic" name="DoorLockTest" time="0.023"/>
  <system-out/>
</testsuite> <!-- Academy.Basic -->
